<?xml version="1.0" encoding="utf-8" standalone="no"?>
<!--This file represents the results of running a test suite-->
<test-results name="C:\Joseph\VSProjects\MYOBBddTest0526MS\MYOBBddTest0526MS\bin\Debug\MYOBBddTest0526MS.dll" total="1" errors="0" failures="0" not-run="0" inconclusive="0" ignored="0" skipped="0" invalid="0" date="2014-05-27" time="15:19:25">
  <environment nunit-version="2.6.3.13283" clr-version="2.0.50727.5477" os-version="Microsoft Windows NT 6.1.7601 Service Pack 1" platform="Win32NT" cwd="C:\Joseph\VSProjects\MYOBBddTest0526MS\MYOBBddTest0526MS\bin\Debug" machine-name="WIN-TMDEV1111" user="Dev.Admin" user-domain="WIN-TMDEV1111" />
  <culture-info current-culture="en-NZ" current-uiculture="en-US" />
  <test-suite type="Assembly" name="C:\Joseph\VSProjects\MYOBBddTest0526MS\MYOBBddTest0526MS\bin\Debug\MYOBBddTest0526MS.dll" executed="True" result="Success" success="True" time="48.651" asserts="0">
    <results>
      <test-suite type="Namespace" name="MYOBBddTest0526MS" executed="True" result="Success" success="True" time="48.623" asserts="0">
        <results>
          <test-suite type="Namespace" name="FeatureFiles" executed="True" result="Success" success="True" time="48.623" asserts="0">
            <results>
              <test-suite type="TestFixture" name="MYOBHomePageNavFeature" description="MYOBHomePageNav" executed="True" result="Success" success="True" time="48.616" asserts="0">
                <results>
                  <test-case name="MYOBBddTest0526MS.FeatureFiles.MYOBHomePageNavFeature.MYOBHomePageNav" description="MYOBHomePageNav" executed="True" result="Success" success="True" time="47.374" asserts="0">
                    <categories>
                      <category name="mytag" />
                    </categories>
                  </test-case>
                </results>
              </test-suite>
            </results>
          </test-suite>
        </results>
      </test-suite>
    </results>
  </test-suite>
</test-results>